<?xml version="1.0" encoding="UTF-8"?>
<!-- Generated by org.testng.reporters.JUnitReportReporter -->
<testsuite hostname="DESKTOP-UA7G0ND" failures="0" tests="2" name="MyEcommerce.Ecommerce.tests.EcommSubmitTest" time="68.050" errors="0" timestamp="2024-09-27T18:45:33 IST" skipped="0">
  <testcase classname="MyEcommerce.Ecommerce.tests.EcommSubmitTest" name="ecommSubmit" time="32.915"/>
  <system-out/>
  <testcase classname="MyEcommerce.Ecommerce.tests.EcommSubmitTest" name="ecommSubmit" time="35.135"/>
  <system-out/>
</testsuite> <!-- MyEcommerce.Ecommerce.tests.EcommSubmitTest -->
