<?xml version="1.0" encoding="UTF-8"?>
<!-- Generated by org.testng.reporters.JUnitReportReporter -->
<testsuite hostname="DESKTOP-UA7G0ND" failures="0" tests="1" name="MyEcommerce.Ecommerce.EcommSubmitTest" time="11.358" errors="0" timestamp="2024-09-23T18:31:49 IST" skipped="0">
  <testcase classname="MyEcommerce.Ecommerce.EcommSubmitTest" name="ecommSubmit" time="11.358"/>
  <system-out/>
</testsuite> <!-- MyEcommerce.Ecommerce.EcommSubmitTest -->
