<?xml version="1.0" encoding="UTF-8"?>
<!-- Generated by org.testng.reporters.JUnitReportReporter -->
<testsuite hostname="DESKTOP-UA7G0ND" failures="0" tests="2" name="MyEcommerce.Ecommerce.tests.ErrorValidationTest" time="31.406" errors="0" timestamp="2024-09-27T17:53:38 IST" skipped="0">
  <testcase classname="MyEcommerce.Ecommerce.tests.ErrorValidationTest" name="productErrorValidation" time="20.715"/>
  <system-out/>
  <testcase classname="MyEcommerce.Ecommerce.tests.ErrorValidationTest" name="loginErrorValidation" time="10.691"/>
  <system-out/>
</testsuite> <!-- MyEcommerce.Ecommerce.tests.ErrorValidationTest -->
