<?xml version="1.0" encoding="UTF-8"?>
<!-- Generated by org.testng.reporters.JUnitReportReporter -->
<testsuite hostname="DESKTOP-UA7G0ND" failures="0" tests="2" name="MyEcommerce.Ecommerce.tests.EcommSubmitTest" time="43.713" errors="0" timestamp="2024-09-26T16:45:18 IST" skipped="0">
  <testcase classname="MyEcommerce.Ecommerce.tests.EcommSubmitTest" name="ecommSubmit" time="23.308"/>
  <system-out/>
  <testcase classname="MyEcommerce.Ecommerce.tests.EcommSubmitTest" name="ecommSubmit" time="20.405"/>
  <system-out/>
</testsuite> <!-- MyEcommerce.Ecommerce.tests.EcommSubmitTest -->
