<?xml version="1.0" encoding="UTF-8"?>
<!-- Generated by org.testng.reporters.JUnitReportReporter -->
<testsuite hostname="DESKTOP-UA7G0ND" failures="0" tests="1" name="MyEcommerce.Ecommerce.tests.ErrorValidationTest" time="5.556" errors="0" timestamp="2024-09-26T18:24:39 IST" skipped="0">
  <testcase classname="MyEcommerce.Ecommerce.tests.ErrorValidationTest" name="loginErrorValidation" time="5.556"/>
  <system-out/>
</testsuite> <!-- MyEcommerce.Ecommerce.tests.ErrorValidationTest -->
