<?xml version="1.0" encoding="UTF-8"?>
<!-- Generated by org.testng.reporters.JUnitReportReporter -->
<testsuite hostname="DESKTOP-UA7G0ND" failures="0" tests="2" name="MyEcommerce.Ecommerce.tests.EcommSubmitTest" time="50.912" errors="0" timestamp="2024-09-27T17:55:11 IST" skipped="0">
  <testcase classname="MyEcommerce.Ecommerce.tests.EcommSubmitTest" name="ecommSubmit" time="25.124"/>
  <testcase classname="MyEcommerce.Ecommerce.tests.EcommSubmitTest" name="ecommSubmit" time="25.788"/>
</testsuite> <!-- MyEcommerce.Ecommerce.tests.EcommSubmitTest -->
