<?xml version="1.0" encoding="UTF-8"?>
<!-- Generated by org.testng.reporters.JUnitReportReporter -->
<testsuite hostname="DESKTOP-UA7G0ND" failures="0" tests="2" name="MyEcommerce.Ecommerce.tests.ErrorValidationTest" time="40.289" errors="0" timestamp="2024-09-26T21:31:27 IST" skipped="0">
  <testcase classname="MyEcommerce.Ecommerce.tests.ErrorValidationTest" name="productErrorValidation" time="27.103"/>
  <testcase classname="MyEcommerce.Ecommerce.tests.ErrorValidationTest" name="loginErrorValidation" time="13.186"/>
</testsuite> <!-- MyEcommerce.Ecommerce.tests.ErrorValidationTest -->
