<?xml version="1.0" encoding="UTF-8"?>
<!-- Generated by org.testng.reporters.JUnitReportReporter -->
<testsuite hostname="DESKTOP-UA7G0ND" failures="0" tests="2" name="MyEcommerce.Ecommerce.tests.ErrorValidationTest" time="44.717" errors="0" timestamp="2024-09-27T16:30:01 IST" skipped="0">
  <testcase classname="MyEcommerce.Ecommerce.tests.ErrorValidationTest" name="loginErrorValidation" time="13.565"/>
  <testcase classname="MyEcommerce.Ecommerce.tests.ErrorValidationTest" name="productErrorValidation" time="31.152"/>
</testsuite> <!-- MyEcommerce.Ecommerce.tests.ErrorValidationTest -->
